\BOOKMARK [-1][-]{part.1}{\376\377\000I\000\040\000C\000o\000d\000e\000\040\000M\000o\000d\000i\000f\000i\000c\000a\000t\000i\000o\000n\000s}{}% 1
\BOOKMARK [0][-]{chapter.1}{\376\377\000Q\000u\000i\000c\000k\000\040\000S\000t\000a\000r\000t\000\040\000G\000u\000i\000d\000e}{part.1}% 2
\BOOKMARK [1][-]{section.1.1}{\376\377\000P\000r\000e\000r\000e\000q\000u\000i\000s\000i\000t\000e\000s}{chapter.1}% 3
\BOOKMARK [1][-]{section.1.2}{\376\377\000B\000u\000i\000l\000d\000i\000n\000g\000\040\000c\000u\000R\000A\000M\000S\000E\000S}{chapter.1}% 4
\BOOKMARK [1][-]{section.1.3}{\376\377\000S\000e\000t\000t\000i\000n\000g\000\040\000U\000p\000\040\000a\000\040\000Z\000o\000o\000m\000-\000I\000n\000\040\000S\000i\000m\000u\000l\000a\000t\000i\000o\000n}{chapter.1}% 5
\BOOKMARK [2][-]{subsection.1.3.1}{\376\377\000S\000t\000e\000p\000\040\0001\000:\000\040\000G\000e\000n\000e\000r\000a\000t\000e\000\040\000I\000n\000i\000t\000i\000a\000l\000\040\000C\000o\000n\000d\000i\000t\000i\000o\000n\000s\000\040\000w\000i\000t\000h\000\040\000M\000U\000S\000I\000C}{section.1.3}% 6
\BOOKMARK [2][-]{subsection.1.3.2}{\376\377\000S\000t\000e\000p\000\040\0002\000:\000\040\000C\000r\000e\000a\000t\000e\000\040\000Z\000o\000o\000m\000\040\000G\000e\000o\000m\000e\000t\000r\000y\000\040\000S\000c\000a\000l\000a\000r}{section.1.3}% 7
\BOOKMARK [2][-]{subsection.1.3.3}{\376\377\000S\000t\000e\000p\000\040\0003\000:\000\040\000C\000r\000e\000a\000t\000e\000\040\000R\000u\000n\000\040\000D\000i\000r\000e\000c\000t\000o\000r\000y}{section.1.3}% 8
\BOOKMARK [2][-]{subsection.1.3.4}{\376\377\000S\000t\000e\000p\000\040\0004\000:\000\040\000C\000o\000n\000f\000i\000g\000u\000r\000e\000\040\000N\000a\000m\000e\000l\000i\000s\000t}{section.1.3}% 9
\BOOKMARK [2][-]{subsection.1.3.5}{\376\377\000S\000t\000e\000p\000\040\0005\000:\000\040\000R\000u\000n}{section.1.3}% 10
\BOOKMARK [1][-]{section.1.4}{\376\377\000K\000e\000y\000\040\000P\000a\000r\000a\000m\000e\000t\000e\000r\000s\000\040\000Q\000u\000i\000c\000k\000\040\000R\000e\000f\000e\000r\000e\000n\000c\000e}{chapter.1}% 11
\BOOKMARK [2][-]{subsection.1.4.1}{\376\377\000m\000a\000s\000s\000\137\000c\000u\000t\000\137\000r\000e\000f\000i\000n\000e\000\040\000R\000e\000f\000e\000r\000e\000n\000c\000e}{section.1.4}% 12
\BOOKMARK [1][-]{section.1.5}{\376\377\000T\000r\000o\000u\000b\000l\000e\000s\000h\000o\000o\000t\000i\000n\000g}{chapter.1}% 13
\BOOKMARK [0][-]{chapter.2}{\376\377\000K\000-\000S\000e\000c\000t\000i\000o\000n\000\040\000O\000r\000d\000e\000r\000i\000n\000g}{part.1}% 14
\BOOKMARK [1][-]{section.2.1}{\376\377\000O\000v\000e\000r\000v\000i\000e\000w}{chapter.2}% 15
\BOOKMARK [1][-]{section.2.2}{\376\377\000H\000i\000e\000r\000a\000r\000c\000h\000i\000c\000a\000l\000\040\000M\000P\000I\000\040\000E\000x\000c\000h\000a\000n\000g\000e}{chapter.2}% 16
\BOOKMARK [2][-]{subsection.2.2.1}{\376\377\000E\000x\000c\000l\000u\000s\000i\000v\000e\000\040\000E\000x\000c\000h\000a\000n\000g\000e}{section.2.2}% 17
\BOOKMARK [2][-]{subsection.2.2.2}{\376\377\000O\000v\000e\000r\000l\000a\000p\000\040\000E\000x\000c\000h\000a\000n\000g\000e}{section.2.2}% 18
\BOOKMARK [2][-]{subsection.2.2.3}{\376\377\000P\000e\000r\000i\000o\000d\000i\000c\000\040\000B\000o\000u\000n\000d\000a\000r\000y\000\040\000C\000o\000n\000d\000i\000t\000i\000o\000n\000s}{section.2.2}% 19
\BOOKMARK [1][-]{section.2.3}{\376\377\000T\000r\000e\000e\000\040\000N\000a\000v\000i\000g\000a\000t\000i\000o\000n}{chapter.2}% 20
\BOOKMARK [1][-]{section.2.4}{\376\377\000V\000e\000r\000i\000f\000i\000c\000a\000t\000i\000o\000n}{chapter.2}% 21
\BOOKMARK [0][-]{chapter.3}{\376\377\000G\000h\000o\000s\000t\000\040\000Z\000o\000n\000e\000\040\000E\000x\000c\000h\000a\000n\000g\000e\000\040\000v\000i\000a\000\040\000K\000-\000S\000e\000c\000t\000i\000o\000n}{part.1}% 22
\BOOKMARK [1][-]{section.3.1}{\376\377\000A\000M\000R\000\040\000G\000h\000o\000s\000t\000\040\000Z\000o\000n\000e\000s}{chapter.3}% 23
\BOOKMARK [2][-]{subsection.3.1.1}{\376\377\000M\000o\000d\000i\000f\000i\000e\000d\000\040\000F\000i\000l\000e}{section.3.1}% 24
\BOOKMARK [2][-]{subsection.3.1.2}{\376\377\000S\000u\000b\000r\000o\000u\000t\000i\000n\000e\000s}{section.3.1}% 25
\BOOKMARK [2][-]{subsection.3.1.3}{\376\377\000D\000a\000t\000a\000\040\000P\000a\000c\000k\000i\000n\000g}{section.3.1}% 26
\BOOKMARK [2][-]{subsection.3.1.4}{\376\377\000D\000i\000s\000p\000a\000t\000c\000h}{section.3.1}% 27
\BOOKMARK [2][-]{subsection.3.1.5}{\376\377\000B\000u\000l\000k\000\040\000E\000x\000c\000h\000a\000n\000g\000e}{section.3.1}% 28
\BOOKMARK [1][-]{section.3.2}{\376\377\000b\000u\000i\000l\000d\000\137\000c\000o\000m\000m\000\040\000v\000i\000a\000\040\000K\000-\000S\000e\000c\000t\000i\000o\000n}{chapter.3}% 29
\BOOKMARK [1][-]{section.3.3}{\376\377\000M\000P\000I\000\137\000A\000L\000L\000T\000O\000A\000L\000L\000\040\000R\000e\000p\000l\000a\000c\000e\000m\000e\000n\000t\000s}{chapter.3}% 30
\BOOKMARK [1][-]{section.3.4}{\376\377\000P\000r\000e\000-\000A\000l\000l\000o\000c\000a\000t\000e\000d\000\040\000B\000u\000f\000f\000e\000r\000\040\000P\000o\000o\000l}{chapter.3}% 31
\BOOKMARK [0][-]{chapter.4}{\376\377\000M\000u\000l\000t\000i\000g\000r\000i\000d\000\040\000P\000o\000i\000s\000s\000o\000n\000\040\000K\000-\000S\000e\000c\000t\000i\000o\000n\000\040\000C\000o\000m\000m\000u\000n\000i\000c\000a\000t\000i\000o\000n}{part.1}% 32
\BOOKMARK [1][-]{section.4.1}{\376\377\000M\000o\000t\000i\000v\000a\000t\000i\000o\000n}{chapter.4}% 33
\BOOKMARK [1][-]{section.4.2}{\376\377\000I\000m\000p\000l\000e\000m\000e\000n\000t\000a\000t\000i\000o\000n}{chapter.4}% 34
\BOOKMARK [2][-]{subsection.4.2.1}{\376\377\000K\000e\000y\000\040\000D\000i\000f\000f\000e\000r\000e\000n\000c\000e\000s\000\040\000f\000r\000o\000m\000\040\000A\000M\000R\000\040\000E\000x\000c\000h\000a\000n\000g\000e}{section.4.2}% 35
\BOOKMARK [2][-]{subsection.4.2.2}{\376\377\000F\000o\000r\000w\000a\000r\000d\000\040\000E\000x\000c\000h\000a\000n\000g\000e}{section.4.2}% 36
\BOOKMARK [2][-]{subsection.4.2.3}{\376\377\000R\000e\000v\000e\000r\000s\000e\000\040\000E\000x\000c\000h\000a\000n\000g\000e\000\040\000\050\000A\000c\000c\000u\000m\000u\000l\000a\000t\000i\000o\000n\000\051}{section.4.2}% 37
\BOOKMARK [0][-]{chapter.5}{\376\377\000M\000o\000r\000t\000o\000n\000\040\000K\000e\000y\000\040\000O\000c\000t\000r\000e\000e}{part.1}% 38
\BOOKMARK [1][-]{section.5.1}{\376\377\000O\000v\000e\000r\000v\000i\000e\000w}{chapter.5}% 39
\BOOKMARK [2][-]{subsection.5.1.1}{\376\377\000M\000o\000d\000i\000f\000i\000e\000d\000\040\000F\000i\000l\000e\000s}{section.5.1}% 40
\BOOKMARK [1][-]{section.5.2}{\376\377\000M\000o\000r\000t\000o\000n\000\040\000K\000e\000y}{chapter.5}% 41
\BOOKMARK [1][-]{section.5.3}{\376\377\000H\000a\000s\000h\000\040\000T\000a\000b\000l\000e}{chapter.5}% 42
\BOOKMARK [1][-]{section.5.4}{\376\377\000N\000e\000i\000g\000h\000b\000o\000r\000\040\000L\000o\000o\000k\000u\000p}{chapter.5}% 43
\BOOKMARK [1][-]{section.5.5}{\376\377\000n\000b\000o\000r\000\040\000A\000r\000r\000a\000y\000\040\000R\000e\000m\000o\000v\000a\000l\000\040\000\050\000P\000h\000a\000s\000e\000\040\0004\000\051}{chapter.5}% 44
\BOOKMARK [0][-]{chapter.6}{\376\377\000M\000e\000m\000o\000r\000y\000-\000B\000a\000s\000e\000d\000\040\000L\000o\000a\000d\000\040\000B\000a\000l\000a\000n\000c\000i\000n\000g}{part.1}% 45
\BOOKMARK [1][-]{section.6.1}{\376\377\000M\000o\000t\000i\000v\000a\000t\000i\000o\000n}{chapter.6}% 46
\BOOKMARK [1][-]{section.6.2}{\376\377\000C\000o\000s\000t\000\040\000F\000u\000n\000c\000t\000i\000o\000n}{chapter.6}% 47
\BOOKMARK [1][-]{section.6.3}{\376\377\000I\000m\000p\000l\000e\000m\000e\000n\000t\000a\000t\000i\000o\000n\000\040\000D\000e\000t\000a\000i\000l\000s}{chapter.6}% 48
\BOOKMARK [1][-]{section.6.4}{\376\377\000P\000a\000r\000a\000m\000e\000t\000e\000r\000s}{chapter.6}% 49
\BOOKMARK [0][-]{chapter.7}{\376\377\000M\000e\000m\000o\000r\000y\000\040\000S\000a\000v\000i\000n\000g\000s\000:\000\040\000L\000a\000r\000g\000e\000\040\000A\000r\000r\000a\000y\000\040\000O\000p\000t\000i\000m\000i\000z\000a\000t\000i\000o\000n}{part.1}% 50
\BOOKMARK [1][-]{section.7.1}{\376\377\000O\000v\000e\000r\000v\000i\000e\000w}{chapter.7}% 51
\BOOKMARK [0][-]{chapter.8}{\376\377\000I\000C\000\040\000R\000e\000a\000d\000i\000n\000g\000\040\000w\000i\000t\000h\000\040\000S\000t\000r\000e\000a\000m\000\040\000A\000c\000c\000e\000s\000s}{part.1}% 52
\BOOKMARK [1][-]{section.8.1}{\376\377\000M\000o\000t\000i\000v\000a\000t\000i\000o\000n}{chapter.8}% 53
\BOOKMARK [1][-]{section.8.2}{\376\377\000I\000m\000p\000l\000e\000m\000e\000n\000t\000a\000t\000i\000o\000n}{chapter.8}% 54
\BOOKMARK [2][-]{subsection.8.2.1}{\376\377\000M\000o\000d\000i\000f\000i\000e\000d\000\040\000F\000i\000l\000e\000s}{section.8.2}% 55
\BOOKMARK [0][-]{chapter.9}{\376\377\000L\000o\000a\000d\000\040\000B\000a\000l\000a\000n\000c\000e\000\040\000P\000r\000o\000f\000i\000l\000i\000n\000g\000\040\000a\000n\000d\000\040\000T\000u\000n\000i\000n\000g}{part.1}% 56
\BOOKMARK [1][-]{section.9.1}{\376\377\000I\000n\000t\000e\000r\000n\000a\000l\000\040\000T\000i\000m\000i\000n\000g}{chapter.9}% 57
\BOOKMARK [1][-]{section.9.2}{\376\377\000n\000r\000e\000m\000a\000p\000\040\000T\000u\000n\000i\000n\000g}{chapter.9}% 58
\BOOKMARK [1][-]{section.9.3}{\376\377\000M\000i\000n\000/\000M\000a\000x\000\040\000M\000e\000m\000o\000r\000y\000\040\000R\000e\000p\000o\000r\000t\000i\000n\000g}{chapter.9}% 59
\BOOKMARK [0][-]{chapter.10}{\376\377\000Z\000o\000o\000m\000-\000I\000n\000\040\000S\000i\000m\000u\000l\000a\000t\000i\000o\000n\000\040\000S\000e\000t\000u\000p}{part.1}% 60
\BOOKMARK [1][-]{section.10.1}{\376\377\000O\000v\000e\000r\000v\000i\000e\000w}{chapter.10}% 61
\BOOKMARK [1][-]{section.10.2}{\376\377\000I\000n\000i\000t\000i\000a\000l\000\040\000C\000o\000n\000d\000i\000t\000i\000o\000n\000s}{chapter.10}% 62
\BOOKMARK [2][-]{subsection.10.2.1}{\376\377\000M\000U\000S\000I\000C\000\040\000C\000o\000n\000f\000i\000g\000u\000r\000a\000t\000i\000o\000n}{section.10.2}% 63
\BOOKMARK [2][-]{subsection.10.2.2}{\376\377\000G\000e\000n\000e\000r\000a\000t\000e\000d\000\040\000I\000C\000\040\000S\000t\000r\000u\000c\000t\000u\000r\000e}{section.10.2}% 64
\BOOKMARK [1][-]{section.10.3}{\376\377\000Z\000o\000o\000m\000\040\000G\000e\000o\000m\000e\000t\000r\000y\000\040\000S\000c\000a\000l\000a\000r\000\040\000\050\000i\000c\000\137\000p\000v\000a\000r\000\137\0000\0000\0000\0000\0006\000\051}{chapter.10}% 65
\BOOKMARK [2][-]{subsection.10.3.1}{\376\377\000T\000h\000e\000\040\000P\000r\000o\000b\000l\000e\000m}{section.10.3}% 66
\BOOKMARK [2][-]{subsection.10.3.2}{\376\377\000T\000h\000e\000\040\000S\000o\000l\000u\000t\000i\000o\000n\000:\000\040\000P\000a\000s\000s\000i\000v\000e\000\040\000S\000c\000a\000l\000a\000r\000\040\000M\000a\000s\000k}{section.10.3}% 67
\BOOKMARK [2][-]{subsection.10.3.3}{\376\377\000H\000o\000w\000\040\000I\000t\000\040\000W\000o\000r\000k\000s\000\040\000a\000t\000\040\000E\000a\000c\000h\000\040\000S\000t\000a\000g\000e}{section.10.3}% 68
\BOOKMARK [2][-]{subsection.10.3.4}{\376\377\000C\000r\000e\000a\000t\000i\000n\000g\000\040\000i\000c\000\137\000p\000v\000a\000r\000\137\0000\0000\0000\0000\0006}{section.10.3}% 69
\BOOKMARK [2][-]{subsection.10.3.5}{\376\377\000m\000a\000s\000s\000\137\000c\000u\000t\000\137\000r\000e\000f\000i\000n\000e}{section.10.3}% 70
\BOOKMARK [1][-]{section.10.4}{\376\377\000M\000e\000m\000o\000r\000y\000\040\000C\000o\000n\000s\000i\000d\000e\000r\000a\000t\000i\000o\000n\000s}{chapter.10}% 71
\BOOKMARK [2][-]{subsection.10.4.1}{\376\377\000n\000g\000r\000i\000d\000t\000o\000t\000\040\000S\000i\000z\000i\000n\000g}{section.10.4}% 72
\BOOKMARK [2][-]{subsection.10.4.2}{\376\377\000C\000o\000m\000m\000i\000t\000L\000i\000m\000i\000t}{section.10.4}% 73
\BOOKMARK [2][-]{subsection.10.4.3}{\376\377\000V\000i\000r\000t\000u\000a\000l\000\040\000v\000s\000.\000\040\000P\000h\000y\000s\000i\000c\000a\000l\000\040\000M\000e\000m\000o\000r\000y}{section.10.4}% 74
\BOOKMARK [0][-]{chapter.11}{\376\377\000H\000D\000F\0005\000\040\000I\000/\000O}{part.1}% 75
\BOOKMARK [1][-]{section.11.1}{\376\377\000O\000v\000e\000r\000v\000i\000e\000w}{chapter.11}% 76
\BOOKMARK [1][-]{section.11.2}{\376\377\000B\000u\000i\000l\000d\000i\000n\000g\000\040\000H\000D\000F\0005}{chapter.11}% 77
\BOOKMARK [1][-]{section.11.3}{\376\377\000N\000a\000m\000e\000l\000i\000s\000t\000\040\000P\000a\000r\000a\000m\000e\000t\000e\000r\000s}{chapter.11}% 78
\BOOKMARK [1][-]{section.11.4}{\376\377\000H\000D\000F\0005\000\040\000F\000i\000l\000e\000\040\000S\000t\000r\000u\000c\000t\000u\000r\000e}{chapter.11}% 79
\BOOKMARK [2][-]{subsection.11.4.1}{\376\377\000P\000a\000r\000a\000l\000l\000e\000l\000\040\000W\000r\000i\000t\000e\000\040\000S\000t\000r\000a\000t\000e\000g\000y}{section.11.4}% 80
\BOOKMARK [1][-]{section.11.5}{\376\377\000I\000m\000p\000l\000e\000m\000e\000n\000t\000a\000t\000i\000o\000n\000\040\000F\000i\000l\000e\000s}{chapter.11}% 81
\BOOKMARK [2][-]{subsection.11.5.1}{\376\377\000D\000i\000s\000p\000a\000t\000c\000h}{section.11.5}% 82
\BOOKMARK [1][-]{section.11.6}{\376\377\000V\000e\000r\000i\000f\000i\000c\000a\000t\000i\000o\000n}{chapter.11}% 83
\BOOKMARK [1][-]{section.11.7}{\376\377\000V\000a\000r\000i\000a\000b\000l\000e\000-\000N\000C\000P\000U\000\040\000R\000e\000s\000t\000a\000r\000t\000:\000\040\000D\000i\000s\000t\000r\000i\000b\000u\000t\000e\000d\000\040\000G\000r\000i\000d\000\040\000C\000r\000e\000a\000t\000i\000o\000n}{chapter.11}% 84
\BOOKMARK [2][-]{subsection.11.7.1}{\376\377\000D\000i\000s\000t\000r\000i\000b\000u\000t\000e\000d\000\040\000A\000l\000g\000o\000r\000i\000t\000h\000m}{section.11.7}% 85
\BOOKMARK [2][-]{subsection.11.7.2}{\376\377\000K\000e\000y\000\040\000D\000e\000s\000i\000g\000n\000\040\000D\000e\000c\000i\000s\000i\000o\000n\000s}{section.11.7}% 86
\BOOKMARK [2][-]{subsection.11.7.3}{\376\377\000V\000e\000r\000i\000f\000i\000c\000a\000t\000i\000o\000n}{section.11.7}% 87
\BOOKMARK [1][-]{section.11.8}{\376\377\000P\000o\000i\000s\000s\000o\000n\000\040\000M\000G\000\040\000F\000i\000n\000e\000-\000L\000e\000v\000e\000l\000\040\000O\000p\000t\000i\000m\000i\000z\000a\000t\000i\000o\000n}{chapter.11}% 88
\BOOKMARK [2][-]{subsection.11.8.1}{\376\377\000P\000r\000e\000c\000o\000m\000p\000u\000t\000e\000d\000\040\000N\000e\000i\000g\000h\000b\000o\000r\000\040\000G\000r\000i\000d\000\040\000A\000r\000r\000a\000y}{section.11.8}% 89
\BOOKMARK [2][-]{subsection.11.8.2}{\376\377\000M\000e\000r\000g\000e\000d\000\040\000R\000e\000d\000-\000B\000l\000a\000c\000k\000\040\000G\000a\000u\000s\000s\000-\000S\000e\000i\000d\000e\000l\000\040\000E\000x\000c\000h\000a\000n\000g\000e}{section.11.8}% 90
\BOOKMARK [2][-]{subsection.11.8.3}{\376\377\000R\000e\000s\000i\000d\000u\000a\000l\000\040\000a\000n\000d\000\040\000N\000o\000r\000m\000\040\000S\000i\000n\000g\000l\000e\000\040\000P\000a\000s\000s}{section.11.8}% 91
\BOOKMARK [2][-]{subsection.11.8.4}{\376\377\000D\000i\000v\000i\000s\000i\000o\000n\000\040\000t\000o\000\040\000M\000u\000l\000t\000i\000p\000l\000i\000c\000a\000t\000i\000o\000n}{section.11.8}% 92
\BOOKMARK [2][-]{subsection.11.8.5}{\376\377\000P\000e\000r\000f\000o\000r\000m\000a\000n\000c\000e\000\040\000I\000m\000p\000a\000c\000t}{section.11.8}% 93
\BOOKMARK [0][-]{chapter.12}{\376\377\000S\000c\000a\000l\000i\000n\000g\000\040\000P\000e\000r\000f\000o\000r\000m\000a\000n\000c\000e}{part.1}% 94
\BOOKMARK [1][-]{section.12.1}{\376\377\000P\000u\000r\000e\000\040\000M\000P\000I\000\040\000S\000c\000a\000l\000i\000n\000g}{chapter.12}% 95
\BOOKMARK [1][-]{section.12.2}{\376\377\000H\000y\000b\000r\000i\000d\000\040\000M\000P\000I\000\040\000+\000\040\000O\000p\000e\000n\000M\000P\000\040\000S\000c\000a\000l\000i\000n\000g}{chapter.12}% 96
\BOOKMARK [1][-]{section.12.3}{\376\377\000K\000e\000y\000\040\000O\000b\000s\000e\000r\000v\000a\000t\000i\000o\000n\000s}{chapter.12}% 97
\BOOKMARK [1][-]{section.12.4}{\376\377\000P\000e\000r\000-\000R\000o\000u\000t\000i\000n\000e\000\040\000S\000c\000a\000l\000i\000n\000g\000\040\000A\000n\000a\000l\000y\000s\000i\000s}{chapter.12}% 98
\BOOKMARK [2][-]{subsection.12.4.1}{\376\377\000S\000c\000a\000l\000i\000n\000g\000\040\000C\000a\000t\000e\000g\000o\000r\000i\000e\000s}{section.12.4}% 99
\BOOKMARK [2][-]{subsection.12.4.2}{\376\377\000B\000o\000t\000t\000l\000e\000n\000e\000c\000k\000\040\000S\000h\000i\000f\000t}{section.12.4}% 100
\BOOKMARK [0][-]{chapter.13}{\376\377\000G\000P\000U\000\040\000H\000y\000d\000r\000o\000\040\000A\000c\000c\000e\000l\000e\000r\000a\000t\000i\000o\000n}{part.1}% 101
\BOOKMARK [1][-]{section.13.1}{\376\377\000A\000r\000c\000h\000i\000t\000e\000c\000t\000u\000r\000e\000\040\000O\000v\000e\000r\000v\000i\000e\000w}{chapter.13}% 102
\BOOKMARK [1][-]{section.13.2}{\376\377\000H\000y\000b\000r\000i\000d\000\040\000C\000P\000U\000/\000G\000P\000U\000\040\000D\000i\000s\000p\000a\000t\000c\000h}{chapter.13}% 103
\BOOKMARK [2][-]{subsection.13.2.1}{\376\377\000S\000u\000p\000e\000r\000b\000a\000t\000c\000h\000\040\000B\000u\000f\000f\000e\000r\000i\000n\000g}{section.13.2}% 104
\BOOKMARK [2][-]{subsection.13.2.2}{\376\377\000A\000c\000c\000e\000l\000e\000r\000a\000t\000e\000d\000\040\000R\000o\000u\000t\000i\000n\000e\000s}{section.13.2}% 105
\BOOKMARK [2][-]{subsection.13.2.3}{\376\377\000M\000e\000m\000o\000r\000y\000\040\000M\000a\000n\000a\000g\000e\000m\000e\000n\000t}{section.13.2}% 106
\BOOKMARK [2][-]{subsection.13.2.4}{\376\377\000P\000e\000r\000-\000T\000h\000r\000e\000a\000d\000\040\000S\000c\000a\000t\000t\000e\000r\000\040\000B\000u\000f\000f\000e\000r\000\040\000\050\000L\000o\000c\000k\000-\000F\000r\000e\000e\000\040\000L\000e\000v\000e\000l\000\040\000L\000-\0001\000\051}{section.13.2}% 107
\BOOKMARK [1][-]{section.13.3}{\376\377\000F\000o\000r\000t\000r\000a\000n\040\023\000C\000U\000D\000A\000\040\000I\000n\000t\000e\000r\000f\000a\000c\000e}{chapter.13}% 108
\BOOKMARK [1][-]{section.13.4}{\376\377\000M\000u\000l\000t\000i\000-\000G\000P\000U\000\040\000S\000u\000p\000p\000o\000r\000t}{chapter.13}% 109
\BOOKMARK [1][-]{section.13.5}{\376\377\000S\000c\000a\000t\000t\000e\000r\000-\000R\000e\000d\000u\000c\000e\000\040\000G\000P\000U\000\040\000K\000e\000r\000n\000e\000l}{chapter.13}% 110
\BOOKMARK [1][-]{section.13.6}{\376\377\000V\000e\000r\000i\000f\000i\000c\000a\000t\000i\000o\000n\000\040\000a\000n\000d\000\040\000P\000e\000r\000f\000o\000r\000m\000a\000n\000c\000e}{chapter.13}% 111
\BOOKMARK [2][-]{subsection.13.6.1}{\376\377\000P\000h\000y\000s\000i\000c\000s\000\040\000V\000e\000r\000i\000f\000i\000c\000a\000t\000i\000o\000n}{section.13.6}% 112
\BOOKMARK [2][-]{subsection.13.6.2}{\376\377\000P\000e\000r\000f\000o\000r\000m\000a\000n\000c\000e\000\040\000\050\000R\000T\000X\000\040\0005\0000\0000\0000\000\040\000A\000d\000a\000,\000\040\0008\000\040\000c\000o\000r\000e\000s\000\051}{section.13.6}% 113
\BOOKMARK [2][-]{subsection.13.6.3}{\376\377\000G\000P\000U\000\040\000K\000e\000r\000n\000e\000l\000\040\000B\000r\000e\000a\000k\000d\000o\000w\000n\000\040\000\050\0008\000-\000s\000t\000r\000e\000a\000m\000,\000\040\000R\000T\000X\000\040\0005\0000\0000\0000\000\040\000A\000d\000a\000\051}{section.13.6}% 114
\BOOKMARK [-1][-]{part.2}{\376\377\000I\000I\000\040\000N\000a\000m\000e\000l\000i\000s\000t\000\040\000R\000e\000f\000e\000r\000e\000n\000c\000e}{}% 115
\BOOKMARK [0][-]{chapter.14}{\376\377\000R\000U\000N\000\137\000P\000A\000R\000A\000M\000S}{part.2}% 116
\BOOKMARK [0][-]{chapter.15}{\376\377\000A\000M\000R\000\137\000P\000A\000R\000A\000M\000S}{part.2}% 117
\BOOKMARK [0][-]{chapter.16}{\376\377\000O\000U\000T\000P\000U\000T\000\137\000P\000A\000R\000A\000M\000S}{part.2}% 118
\BOOKMARK [0][-]{chapter.17}{\376\377\000I\000N\000I\000T\000\137\000P\000A\000R\000A\000M\000S}{part.2}% 119
\BOOKMARK [0][-]{chapter.18}{\376\377\000R\000E\000F\000I\000N\000E\000\137\000P\000A\000R\000A\000M\000S}{part.2}% 120
\BOOKMARK [0][-]{chapter.19}{\376\377\000H\000Y\000D\000R\000O\000\137\000P\000A\000R\000A\000M\000S}{part.2}% 121
\BOOKMARK [0][-]{chapter.20}{\376\377\000P\000O\000I\000S\000S\000O\000N\000\137\000P\000A\000R\000A\000M\000S}{part.2}% 122
\BOOKMARK [0][-]{chapter.21}{\376\377\000P\000H\000Y\000S\000I\000C\000S\000\137\000P\000A\000R\000A\000M\000S}{part.2}% 123
\BOOKMARK [0][-]{chapter.22}{\376\377\000E\000x\000a\000m\000p\000l\000e\000\040\000N\000a\000m\000e\000l\000i\000s\000t}{part.2}% 124
\BOOKMARK [1][-]{section.22.1}{\376\377\000C\000o\000s\000m\000o\000l\000o\000g\000i\000c\000a\000l\000\040\000S\000i\000m\000u\000l\000a\000t\000i\000o\000n\000\040\000w\000i\000t\000h\000\040\000M\000e\000m\000o\000r\000y\000\040\000B\000a\000l\000a\000n\000c\000i\000n\000g}{chapter.22}% 125
\BOOKMARK [-1][-]{part.3}{\376\377\000I\000I\000I\000\040\000B\000u\000i\000l\000d\000\040\000a\000n\000d\000\040\000T\000e\000s\000t\000i\000n\000g}{}% 126
\BOOKMARK [0][-]{chapter.23}{\376\377\000B\000u\000i\000l\000d\000\040\000I\000n\000s\000t\000r\000u\000c\000t\000i\000o\000n\000s}{part.3}% 127
\BOOKMARK [1][-]{section.23.1}{\376\377\000P\000r\000e\000r\000e\000q\000u\000i\000s\000i\000t\000e\000s}{chapter.23}% 128
\BOOKMARK [1][-]{section.23.2}{\376\377\000B\000u\000i\000l\000d}{chapter.23}% 129
\BOOKMARK [1][-]{section.23.3}{\376\377\000C\000o\000m\000p\000i\000l\000e\000-\000T\000i\000m\000e\000\040\000O\000p\000t\000i\000o\000n\000s}{chapter.23}% 130
\BOOKMARK [0][-]{chapter.24}{\376\377\000V\000e\000r\000i\000f\000i\000c\000a\000t\000i\000o\000n\000\040\000T\000e\000s\000t\000s}{part.3}% 131
\BOOKMARK [1][-]{section.24.1}{\376\377\000T\000e\000s\000t\000\040\000C\000o\000n\000f\000i\000g\000u\000r\000a\000t\000i\000o\000n}{chapter.24}% 132
\BOOKMARK [1][-]{section.24.2}{\376\377\000R\000e\000f\000e\000r\000e\000n\000c\000e\000\040\000V\000a\000l\000u\000e\000s\000\040\000\050\000n\000r\000e\000m\000a\000p\000=\0005\000\051}{chapter.24}% 133
\BOOKMARK [1][-]{section.24.3}{\376\377\000R\000u\000n\000n\000i\000n\000g\000\040\000T\000e\000s\000t\000s}{chapter.24}% 134
\BOOKMARK [0][-]{appendix.A}{\376\377\000M\000o\000d\000i\000f\000i\000e\000d\000\040\000F\000i\000l\000e\000s\000\040\000S\000u\000m\000m\000a\000r\000y}{part.3}% 135
